<?xml version="1.0" encoding="UTF-8"?>
<!-- Generated by org.testng.reporters.JUnitReportReporter -->
<testsuite hostname="Bunty" failures="0" tests="1" name="com.automationpractice.TestScripts.SuccessMessageTest" time="5.948" errors="0" timestamp="2020-12-03T19:55:39 GMT-05:00" skipped="0">
  <testcase classname="com.automationpractice.TestScripts.SuccessMessageTest" name="verifyMessage" time="5.948"/>
</testsuite> <!-- com.automationpractice.TestScripts.SuccessMessageTest -->
