<?xml version="1.0" encoding="UTF-8"?>
<!-- Generated by org.testng.reporters.JUnitReportReporter -->
<testsuite hostname="Bunty" failures="0" tests="1" name="com.automationpractice.TestScripts.InvalidLoginTest" time="1.990" errors="0" timestamp="2020-12-03T19:55:39 GMT-05:00" skipped="0">
  <testcase classname="com.automationpractice.TestScripts.InvalidLoginTest" name="verifyErrorMsg" time="1.990"/>
</testsuite> <!-- com.automationpractice.TestScripts.InvalidLoginTest -->
