<?xml version="1.0" encoding="UTF-8"?>
<!-- Generated by org.testng.reporters.JUnitReportReporter -->
<testsuite hostname="Bunty" failures="0" tests="1" name="com.automationpractice.TestScripts.PlaceOrderTest" time="20.026" errors="0" timestamp="2020-12-03T19:55:39 GMT-05:00" skipped="0">
  <testcase classname="com.automationpractice.TestScripts.PlaceOrderTest" name="verifyPlaceOrder" time="20.026"/>
</testsuite> <!-- com.automationpractice.TestScripts.PlaceOrderTest -->
