<?xml version="1.0" encoding="UTF-8"?>
<!-- Generated by org.testng.reporters.JUnitReportReporter -->
<testsuite hostname="Bunty" failures="0" tests="1" name="keyWordDriven.Application" time="21.148" errors="0" timestamp="2020-11-23T19:56:27 GMT-05:00" skipped="0">
  <testcase classname="keyWordDriven.Application" name="verifyInvalidLogin" time="21.148"/>
</testsuite> <!-- keyWordDriven.Application -->
